  glad.c
  EBO.cpp
  shaderClass.cpp
  Source.cpp
C:\Users\thatw\source\repos\ComputerGraphics\clickGame\clickGame\Source.cpp(41,28): warning C4305: 'initializing': truncation from 'double' to 'float'
C:\Users\thatw\source\repos\ComputerGraphics\clickGame\clickGame\Source.cpp(42,29): warning C4305: 'initializing': truncation from 'double' to 'float'
C:\Users\thatw\source\repos\ComputerGraphics\clickGame\clickGame\Source.cpp(43,25): warning C4305: 'initializing': truncation from 'double' to 'float'
C:\Users\thatw\source\repos\ComputerGraphics\clickGame\clickGame\Source.cpp(44,26): warning C4305: 'initializing': truncation from 'double' to 'float'
C:\Users\thatw\source\repos\ComputerGraphics\clickGame\clickGame\Source.cpp(227,2): warning C4305: 'initializing': truncation from 'double' to 'float'
C:\Users\thatw\source\repos\ComputerGraphics\clickGame\clickGame\Source.cpp(251,2): warning C4305: 'initializing': truncation from 'double' to 'float'
C:\Users\thatw\source\repos\ComputerGraphics\clickGame\clickGame\Source.cpp(274,2): warning C4305: 'initializing': truncation from 'double' to 'float'
C:\Users\thatw\source\repos\ComputerGraphics\clickGame\clickGame\Source.cpp(297,2): warning C4305: 'initializing': truncation from 'double' to 'float'
C:\Users\thatw\source\repos\ComputerGraphics\clickGame\clickGame\Source.cpp(320,2): warning C4305: 'initializing': truncation from 'double' to 'float'
C:\Users\thatw\source\repos\ComputerGraphics\clickGame\clickGame\Source.cpp(344,2): warning C4305: 'initializing': truncation from 'double' to 'float'
C:\Users\thatw\source\repos\ComputerGraphics\clickGame\clickGame\Source.cpp(367,2): warning C4305: 'initializing': truncation from 'double' to 'float'
C:\Users\thatw\source\repos\ComputerGraphics\clickGame\clickGame\Source.cpp(389,2): warning C4305: 'initializing': truncation from 'double' to 'float'
  stb.cpp
  Texture.cpp
  VAO.cpp
C:\Users\thatw\source\repos\ComputerGraphics\clickGame\clickGame\VAO.cpp(11,66): warning C4244: 'argument': conversion from 'GLsizeiptr' to 'GLsizei', possible loss of data
  VBO.cpp
  Generating Code...
glfw3.lib(context.obj) : warning LNK4099: PDB 'glfw3.pdb' was not found with 'glfw3.lib(context.obj)' or at 'C:\Users\thatw\source\repos\ComputerGraphics\clickGame\x64\Debug\glfw3.pdb'; linking object as if no debug info
glfw3.lib(init.obj) : warning LNK4099: PDB 'glfw3.pdb' was not found with 'glfw3.lib(init.obj)' or at 'C:\Users\thatw\source\repos\ComputerGraphics\clickGame\x64\Debug\glfw3.pdb'; linking object as if no debug info
glfw3.lib(input.obj) : warning LNK4099: PDB 'glfw3.pdb' was not found with 'glfw3.lib(input.obj)' or at 'C:\Users\thatw\source\repos\ComputerGraphics\clickGame\x64\Debug\glfw3.pdb'; linking object as if no debug info
glfw3.lib(monitor.obj) : warning LNK4099: PDB 'glfw3.pdb' was not found with 'glfw3.lib(monitor.obj)' or at 'C:\Users\thatw\source\repos\ComputerGraphics\clickGame\x64\Debug\glfw3.pdb'; linking object as if no debug info
glfw3.lib(vulkan.obj) : warning LNK4099: PDB 'glfw3.pdb' was not found with 'glfw3.lib(vulkan.obj)' or at 'C:\Users\thatw\source\repos\ComputerGraphics\clickGame\x64\Debug\glfw3.pdb'; linking object as if no debug info
glfw3.lib(window.obj) : warning LNK4099: PDB 'glfw3.pdb' was not found with 'glfw3.lib(window.obj)' or at 'C:\Users\thatw\source\repos\ComputerGraphics\clickGame\x64\Debug\glfw3.pdb'; linking object as if no debug info
glfw3.lib(win32_init.obj) : warning LNK4099: PDB 'glfw3.pdb' was not found with 'glfw3.lib(win32_init.obj)' or at 'C:\Users\thatw\source\repos\ComputerGraphics\clickGame\x64\Debug\glfw3.pdb'; linking object as if no debug info
glfw3.lib(win32_joystick.obj) : warning LNK4099: PDB 'glfw3.pdb' was not found with 'glfw3.lib(win32_joystick.obj)' or at 'C:\Users\thatw\source\repos\ComputerGraphics\clickGame\x64\Debug\glfw3.pdb'; linking object as if no debug info
glfw3.lib(win32_monitor.obj) : warning LNK4099: PDB 'glfw3.pdb' was not found with 'glfw3.lib(win32_monitor.obj)' or at 'C:\Users\thatw\source\repos\ComputerGraphics\clickGame\x64\Debug\glfw3.pdb'; linking object as if no debug info
glfw3.lib(win32_time.obj) : warning LNK4099: PDB 'glfw3.pdb' was not found with 'glfw3.lib(win32_time.obj)' or at 'C:\Users\thatw\source\repos\ComputerGraphics\clickGame\x64\Debug\glfw3.pdb'; linking object as if no debug info
glfw3.lib(win32_thread.obj) : warning LNK4099: PDB '' was not found with 'glfw3.lib(win32_thread.obj)' or at ''; linking object as if no debug info
glfw3.lib(win32_window.obj) : warning LNK4099: PDB 'glfw3.pdb' was not found with 'glfw3.lib(win32_window.obj)' or at 'C:\Users\thatw\source\repos\ComputerGraphics\clickGame\x64\Debug\glfw3.pdb'; linking object as if no debug info
glfw3.lib(wgl_context.obj) : warning LNK4099: PDB 'glfw3.pdb' was not found with 'glfw3.lib(wgl_context.obj)' or at 'C:\Users\thatw\source\repos\ComputerGraphics\clickGame\x64\Debug\glfw3.pdb'; linking object as if no debug info
glfw3.lib(egl_context.obj) : warning LNK4099: PDB 'glfw3.pdb' was not found with 'glfw3.lib(egl_context.obj)' or at 'C:\Users\thatw\source\repos\ComputerGraphics\clickGame\x64\Debug\glfw3.pdb'; linking object as if no debug info
glfw3.lib(osmesa_context.obj) : warning LNK4099: PDB 'glfw3.pdb' was not found with 'glfw3.lib(osmesa_context.obj)' or at 'C:\Users\thatw\source\repos\ComputerGraphics\clickGame\x64\Debug\glfw3.pdb'; linking object as if no debug info
  clickGame.vcxproj -> C:\Users\thatw\source\repos\ComputerGraphics\clickGame\x64\Debug\clickGame.exe
